<?xml version="1.0" encoding="UTF-8"?>
<testsuites name="Login" time="17" tests="1" failures="0" errors="0">
   <testsuite name="Login" tests="1" failures="0" errors="0" time="17" timestamp="2018-09-27 15:53:11" hostname="Naveed - 192.168.10.65" id="Test Suites/Login">
      <properties>
         <property name="deviceName" value=""/>
         <property name="devicePlatform" value=""/>
         <property name="logFolder" value="/Users/user/Katalon Studio/WebTesting/Reports/Login/20180927_155309"/>
         <property name="logFiles" value="/Users/user/Katalon Studio/WebTesting/Reports/Login/20180927_155309/execution0.log"/>
         <property name="attachments" value=""/>
         <property name="hostName" value="Naveed - 192.168.10.65"/>
         <property name="os" value="Mac OS X 64bit"/>
         <property name="katalonVersion" value="5.7.1.1"/>
         <property name="browser" value="Chrome 69.0.3497.100"/>
         <property name="hostAddress" value="192.168.10.65"/>
         <property name="sessionId" value="e545df6b22aa8699a40300fb85784072"/>
         <property name="seleniumVersion" value="3.7.1"/>
         <property name="proxyInformation" value="ProxyInformation{proxyOption=NO_PROXY, proxyServerType=HTTP, password=, proxyServerAddress=, proxyServerPort=0}"/>
         <property name="platform" value="Mac OS X"/>
      </properties>
      <testcase name="Test Cases/SampleTest" classname="Test Cases/SampleTest" status="PASSED">
         <system-out><![CDATA[2018-09-27 15:53:11 - [TEST_CASE][PASSED] - Test Cases/SampleTest: Test Cases/SampleTest

2018-09-27 15:53:12 - [TEST_STEP][PASSED] - openBrowser: Browser is opened with url: ''

2018-09-27 15:53:15 - [MESSAGE][PASSED] - Browser is opened with url: ''

2018-09-27 15:53:15 - [TEST_STEP][PASSED] - maximizeWindow: Current window maximized

2018-09-27 15:53:15 - [MESSAGE][PASSED] - Current window maximized

2018-09-27 15:53:15 - [TEST_STEP][PASSED] - navigateToUrl: Navigate to 'http://automationpractice.com/index.php' successfully

2018-09-27 15:53:22 - [MESSAGE][PASSED] - Navigate to 'http://automationpractice.com/index.php' successfully

2018-09-27 15:53:22 - [TEST_STEP][PASSED] - click: Object: 'Object Repository/AutomationPractice/Page_My Store/a_Sign in' is clicked on

2018-09-27 15:53:24 - [MESSAGE][PASSED] - Object: 'Object Repository/AutomationPractice/Page_My Store/a_Sign in' is clicked on

2018-09-27 15:53:24 - [TEST_STEP][PASSED] - setText: Text 'naveed.akhtar@psiog.com' is set on object 'Object Repository/AutomationPractice/Page_Login - My Store/input_Email address_email'

2018-09-27 15:53:24 - [MESSAGE][PASSED] - Text 'naveed.akhtar@psiog.com' is set on object 'Object Repository/AutomationPractice/Page_Login - My Store/input_Email address_email'

2018-09-27 15:53:24 - [TEST_STEP][PASSED] - setEncryptedText: Text ****** has been set on object 'Object Repository/AutomationPractice/Page_Login - My Store/input_Password_passwd'

2018-09-27 15:53:24 - [MESSAGE][PASSED] - Text ****** has been set on object 'Object Repository/AutomationPractice/Page_Login - My Store/input_Password_passwd'

2018-09-27 15:53:24 - [TEST_STEP][PASSED] - click: Object: 'Object Repository/AutomationPractice/Page_Login - My Store/span_Sign in' is clicked on

2018-09-27 15:53:27 - [MESSAGE][PASSED] - Object: 'Object Repository/AutomationPractice/Page_Login - My Store/span_Sign in' is clicked on

2018-09-27 15:53:27 - [TEST_STEP][PASSED] - click: Object: 'Object Repository/AutomationPractice/Page_My account - My Store/span_My addresses' is clicked on

2018-09-27 15:53:28 - [MESSAGE][PASSED] - Object: 'Object Repository/AutomationPractice/Page_My account - My Store/span_My addresses' is clicked on

2018-09-27 15:53:28 - [TEST_STEP][PASSED] - closeBrowser: Browser is closed

2018-09-27 15:53:28 - [MESSAGE][PASSED] - Browser is closed]]></system-out>
         <system-err><![CDATA[]]></system-err>
      </testcase>
      <system-out><![CDATA[2018-09-27 15:53:11 - [TEST_SUITE][PASSED] - Login: Test Cases/SampleTest]]></system-out>
      <system-err><![CDATA[]]></system-err>
   </testsuite>
</testsuites>
